<?xml version="1.0" encoding="UTF-8"?>
<!-- Generated by org.testng.reporters.JUnitReportReporter -->
<testsuite hostname="10986-lap-0306" failures="0" tests="1" name="coditas.OrangeHRM1.EndToEnd" time="117.934" errors="0" timestamp="2023-09-22T16:12:31 IST" skipped="0">
  <testcase classname="coditas.OrangeHRM1.EndToEnd" name="createEvent" time="117.934"/>
</testsuite> <!-- coditas.OrangeHRM1.EndToEnd -->
