<?xml version="1.0" encoding="UTF-8"?>
<!-- Generated by org.testng.reporters.JUnitReportReporter -->
<testsuite hostname="10986-lap-0306" failures="0" tests="1" name="coditas.OrangeHRM1.addEvent" time="17.557" errors="0" timestamp="2023-09-22T12:57:54 IST" skipped="0">
  <testcase classname="coditas.OrangeHRM1.addEvent" name="createEvent" time="17.557"/>
</testsuite> <!-- coditas.OrangeHRM1.addEvent -->
